[debug] [2022-09-01T10:04:19.368Z] ----------------------------------------------------------------------
[debug] [2022-09-01T10:04:19.369Z] Command:       C:\Program Files\nodejs\node.exe C:\Users\Vladislav Safarov\AppData\Roaming\npm\node_modules\firebase-tools\lib\bin\firebase.js init hosting
[debug] [2022-09-01T10:04:19.370Z] CLI Version:   11.8.0
[debug] [2022-09-01T10:04:19.370Z] Platform:      win32
[debug] [2022-09-01T10:04:19.370Z] Node Version:  v16.16.0
[debug] [2022-09-01T10:04:19.371Z] Time:          Thu Sep 01 2022 14:04:19 GMT+0400 (GMT+04:00)
[debug] [2022-09-01T10:04:19.371Z] ----------------------------------------------------------------------
[debug] 
[debug] [2022-09-01T10:04:19.423Z] > command requires scopes: ["email","openid","https://www.googleapis.com/auth/cloudplatformprojects.readonly","https://www.googleapis.com/auth/firebase","https://www.googleapis.com/auth/cloud-platform"]
[debug] [2022-09-01T10:04:19.423Z] > authorizing via signed-in user (vladsafarov46@gmail.com)
[info] 
     ######## #### ########  ######## ########     ###     ######  ########
     ##        ##  ##     ## ##       ##     ##  ##   ##  ##       ##
     ######    ##  ########  ######   ########  #########  ######  ######
     ##        ##  ##    ##  ##       ##     ## ##     ##       ## ##
     ##       #### ##     ## ######## ########  ##     ##  ######  ########

You're about to initialize a Firebase project in this directory:

  C:\Users\Vladislav Safarov\WebstormProjects\ANG_ULTIMATE_COURSE\FITNESS_ORG

Before we get started, keep in mind:

  * You are initializing within an existing Firebase project directory

[info] 
=== Project Setup
[info] 
[info] First, let's associate this project directory with a Firebase project.
[info] You can create multiple project aliases by running firebase use --add, 
[info] but for now we'll just set up a default project.
[info] 
[debug] [2022-09-01T10:04:29.100Z] Using project from CLI flag: fitness-org
[debug] [2022-09-01T10:04:29.103Z] >>> [apiv2][query] GET https://firebase.googleapis.com/v1beta1/projects/fitness-org [none]
[debug] [2022-09-01T10:04:29.485Z] <<< [apiv2][status] GET https://firebase.googleapis.com/v1beta1/projects/fitness-org 200
[debug] [2022-09-01T10:04:29.485Z] <<< [apiv2][body] GET https://firebase.googleapis.com/v1beta1/projects/fitness-org {"projectId":"fitness-org","projectNumber":"559502421735","displayName":"Fitness org","name":"projects/fitness-org","resources":{"hostingSite":"fitness-org","realtimeDatabaseInstance":"fitness-org-default-rtdb"},"state":"ACTIVE","etag":"1_2e6c8101-0881-46d9-af59-164f7366de62"}
[info] i  Using project fitness-org (Fitness org) 
[info] 
=== Hosting Setup
[info] 
[info] Your public directory is the folder (relative to your project directory) that
[info] will contain Hosting assets to be uploaded with firebase deploy. If you
[info] have a build process for your assets, use your build's output directory.
[info] 
[debug] [2022-09-01T10:05:03.215Z] >>> [apiv2][query] GET https://www.gstatic.com/firebasejs/releases.json [none]
[debug] [2022-09-01T10:05:03.369Z] <<< [apiv2][status] GET https://www.gstatic.com/firebasejs/releases.json 200
[debug] [2022-09-01T10:05:03.369Z] <<< [apiv2][body] GET https://www.gstatic.com/firebasejs/releases.json {"current":{"version":"9.9.3","browserURL":"https://www.gstatic.com/firebasejs/9.9.3/firebase.js","packageURL":"https://www.gstatic.com/firebasejs/9.9.3/firebase.tgz"},"live":{"version":"9.9","browserURL":"https://www.gstatic.com/firebasejs/live/9.9/firebase.js","packageURL":"https://www.gstatic.com/firebasejs/live/9.9/firebase.tgz"},"components":{"analytics":"https://www.gstatic.com/firebasejs/9.9.3/firebase-analytics.js","app":"https://www.gstatic.com/firebasejs/9.9.3/firebase-app.js","app-check":"https://www.gstatic.com/firebasejs/9.9.3/firebase-app-check.js","auth":"https://www.gstatic.com/firebasejs/9.9.3/firebase-auth.js","auth/cordova":"https://www.gstatic.com/firebasejs/9.9.3/firebase-auth/cordova.js","auth/react-native":"https://www.gstatic.com/firebasejs/9.9.3/firebase-auth/react-native.js","functions":"https://www.gstatic.com/firebasejs/9.9.3/firebase-functions.js","firestore":"https://www.gstatic.com/firebasejs/9.9.3/firebase-firestore.js","firestore/lite":"https://www.gstatic.com/firebasejs/9.9.3/firebase-firestore/lite.js","installations":"https://www.gstatic.com/firebasejs/9.9.3/firebase-installations.js","storage":"https://www.gstatic.com/firebasejs/9.9.3/firebase-storage.js","performance":"https://www.gstatic.com/firebasejs/9.9.3/firebase-performance.js","remote-config":"https://www.gstatic.com/firebasejs/9.9.3/firebase-remote-config.js","messaging":"https://www.gstatic.com/firebasejs/9.9.3/firebase-messaging.js","messaging/sw":"https://www.gstatic.com/firebasejs/9.9.3/firebase-messaging/sw.js","database":"https://www.gstatic.com/firebasejs/9.9.3/firebase-database.js","firestore.memory":"https://www.gstatic.com/firebasejs/9.9.3/firebase-firestore.memory.js"}}
[info] +  Wrote y/index.html 
[info] 
[info] i  Detected a .git folder at C:\Users\Vladislav Safarov\WebstormProjects\ANG_ULTIMATE_COURSE 
[info] i  Authorizing with GitHub to upload your service account to a GitHub repository's secrets store. 
[info] 
[info] Visit this URL on this device to log in:
[info] https://github.com/login/oauth/authorize?client_id=89cf50f02ac6aaed3484&state=487739689&redirect_uri=http%3A%2F%2Flocalhost%3A9005&scope=read%3Auser%20repo%20public_repo
[info] 
[info] Waiting for authentication...
[debug] [2022-09-01T10:05:04.170Z] >>> [apiv2][query] POST https://github.com/login/oauth/access_token [none]
[debug] [2022-09-01T10:05:04.170Z] >>> [apiv2][body] POST https://github.com/login/oauth/access_token [stream]
[debug] [2022-09-01T10:05:04.594Z] <<< [apiv2][status] POST https://github.com/login/oauth/access_token 200
[debug] [2022-09-01T10:05:04.594Z] <<< [apiv2][body] POST https://github.com/login/oauth/access_token {"access_token":"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","token_type":"bearer","scope":"read:user,repo"}
[debug] [2022-09-01T10:05:04.596Z] >>> [apiv2][query] GET https://api.github.com/user [none]
[debug] [2022-09-01T10:05:05.013Z] <<< [apiv2][status] GET https://api.github.com/user 200
[debug] [2022-09-01T10:05:05.013Z] <<< [apiv2][body] GET https://api.github.com/user {"login":"HowardRoark96","id":55241607,"node_id":"MDQ6VXNlcjU1MjQxNjA3","avatar_url":"https://avatars.githubusercontent.com/u/55241607?v=4","gravatar_id":"","url":"https://api.github.com/users/HowardRoark96","html_url":"https://github.com/HowardRoark96","followers_url":"https://api.github.com/users/HowardRoark96/followers","following_url":"https://api.github.com/users/HowardRoark96/following{/other_user}","gists_url":"https://api.github.com/users/HowardRoark96/gists{/gist_id}","starred_url":"https://api.github.com/users/HowardRoark96/starred{/owner}{/repo}","subscriptions_url":"https://api.github.com/users/HowardRoark96/subscriptions","organizations_url":"https://api.github.com/users/HowardRoark96/orgs","repos_url":"https://api.github.com/users/HowardRoark96/repos","events_url":"https://api.github.com/users/HowardRoark96/events{/privacy}","received_events_url":"https://api.github.com/users/HowardRoark96/received_events","type":"User","site_admin":false,"name":"Vladislav","company":null,"blog":"","location":null,"email":null,"hireable":null,"bio":null,"twitter_username":null,"public_repos":6,"public_gists":0,"followers":0,"following":0,"created_at":"2019-09-12T12:46:55Z","updated_at":"2022-08-20T14:24:47Z","private_gists":0,"total_private_repos":0,"owned_private_repos":0,"disk_usage":6663,"collaborators":0,"two_factor_authentication":false,"plan":{"name":"free","space":976562499,"collaborators":0,"private_repos":10000}}
[info] 
[info] +  Success! Logged into GitHub as HowardRoark96 
[info] 
[debug] [2022-09-01T10:05:47.327Z] >>> [apiv2][query] GET https://api.github.com/repos/HowardRoark96/ANG_ULTIMATE_COURSE/tree/main/FITNESS_ORG/actions/secrets/public-key type=owner
[debug] [2022-09-01T10:05:47.658Z] <<< [apiv2][status] GET https://api.github.com/repos/HowardRoark96/ANG_ULTIMATE_COURSE/tree/main/FITNESS_ORG/actions/secrets/public-key 404
[debug] [2022-09-01T10:05:47.659Z] <<< [apiv2][body] GET https://api.github.com/repos/HowardRoark96/ANG_ULTIMATE_COURSE/tree/main/FITNESS_ORG/actions/secrets/public-key {"message":"Not Found","documentation_url":"https://docs.github.com/rest"}
[debug] [2022-09-01T10:05:48.678Z] >>> [apiv2][query] GET https://api.github.com/repos/HowardRoark96/ANG_ULTIMATE_COURSE/tree/main/FITNESS_ORG/actions/secrets/public-key type=owner
[debug] [2022-09-01T10:05:49.034Z] <<< [apiv2][status] GET https://api.github.com/repos/HowardRoark96/ANG_ULTIMATE_COURSE/tree/main/FITNESS_ORG/actions/secrets/public-key 404
[debug] [2022-09-01T10:05:49.034Z] <<< [apiv2][body] GET https://api.github.com/repos/HowardRoark96/ANG_ULTIMATE_COURSE/tree/main/FITNESS_ORG/actions/secrets/public-key {"message":"Not Found","documentation_url":"https://docs.github.com/rest"}
[debug] [2022-09-01T10:06:40.175Z] >>> [apiv2][query] GET https://api.github.com/repos/HowardRoark96/ang_ultimate_course/tree/main/fitness_org/actions/secrets/public-key type=owner
[debug] [2022-09-01T10:06:40.513Z] <<< [apiv2][status] GET https://api.github.com/repos/HowardRoark96/ang_ultimate_course/tree/main/fitness_org/actions/secrets/public-key 404
[debug] [2022-09-01T10:06:40.514Z] <<< [apiv2][body] GET https://api.github.com/repos/HowardRoark96/ang_ultimate_course/tree/main/fitness_org/actions/secrets/public-key {"message":"Not Found","documentation_url":"https://docs.github.com/rest"}
[debug] [2022-09-01T10:06:59.687Z] >>> [apiv2][query] GET https://api.github.com/repos/HowardRoark96/Sudoku/actions/secrets/public-key type=owner
[debug] [2022-09-01T10:07:00.047Z] <<< [apiv2][status] GET https://api.github.com/repos/HowardRoark96/Sudoku/actions/secrets/public-key 200
[debug] [2022-09-01T10:07:00.047Z] <<< [apiv2][body] GET https://api.github.com/repos/HowardRoark96/Sudoku/actions/secrets/public-key {"key_id":"568250167242549743","key":"9caMwsglZer1EfJiqs6a3S81DAfw7n2diSMK+dlUvxs="}
[debug] [2022-09-01T10:07:00.049Z] >>> [apiv2][query] GET https://api.github.com/repos/HowardRoark96/Sudoku [none]
[debug] [2022-09-01T10:07:00.445Z] <<< [apiv2][status] GET https://api.github.com/repos/HowardRoark96/Sudoku 200
[debug] [2022-09-01T10:07:00.445Z] <<< [apiv2][body] GET https://api.github.com/repos/HowardRoark96/Sudoku {"id":329606876,"node_id":"MDEwOlJlcG9zaXRvcnkzMjk2MDY4NzY=","name":"Sudoku","full_name":"HowardRoark96/Sudoku","private":false,"owner":{"login":"HowardRoark96","id":55241607,"node_id":"MDQ6VXNlcjU1MjQxNjA3","avatar_url":"https://avatars.githubusercontent.com/u/55241607?v=4","gravatar_id":"","url":"https://api.github.com/users/HowardRoark96","html_url":"https://github.com/HowardRoark96","followers_url":"https://api.github.com/users/HowardRoark96/followers","following_url":"https://api.github.com/users/HowardRoark96/following{/other_user}","gists_url":"https://api.github.com/users/HowardRoark96/gists{/gist_id}","starred_url":"https://api.github.com/users/HowardRoark96/starred{/owner}{/repo}","subscriptions_url":"https://api.github.com/users/HowardRoark96/subscriptions","organizations_url":"https://api.github.com/users/HowardRoark96/orgs","repos_url":"https://api.github.com/users/HowardRoark96/repos","events_url":"https://api.github.com/users/HowardRoark96/events{/privacy}","received_events_url":"https://api.github.com/users/HowardRoark96/received_events","type":"User","site_admin":false},"html_url":"https://github.com/HowardRoark96/Sudoku","description":null,"fork":false,"url":"https://api.github.com/repos/HowardRoark96/Sudoku","forks_url":"https://api.github.com/repos/HowardRoark96/Sudoku/forks","keys_url":"https://api.github.com/repos/HowardRoark96/Sudoku/keys{/key_id}","collaborators_url":"https://api.github.com/repos/HowardRoark96/Sudoku/collaborators{/collaborator}","teams_url":"https://api.github.com/repos/HowardRoark96/Sudoku/teams","hooks_url":"https://api.github.com/repos/HowardRoark96/Sudoku/hooks","issue_events_url":"https://api.github.com/repos/HowardRoark96/Sudoku/issues/events{/number}","events_url":"https://api.github.com/repos/HowardRoark96/Sudoku/events","assignees_url":"https://api.github.com/repos/HowardRoark96/Sudoku/assignees{/user}","branches_url":"https://api.github.com/repos/HowardRoark96/Sudoku/branches{/branch}","tags_url":"https://api.github.com/repos/HowardRoark96/Sudoku/tags","blobs_url":"https://api.github.com/repos/HowardRoark96/Sudoku/git/blobs{/sha}","git_tags_url":"https://api.github.com/repos/HowardRoark96/Sudoku/git/tags{/sha}","git_refs_url":"https://api.github.com/repos/HowardRoark96/Sudoku/git/refs{/sha}","trees_url":"https://api.github.com/repos/HowardRoark96/Sudoku/git/trees{/sha}","statuses_url":"https://api.github.com/repos/HowardRoark96/Sudoku/statuses/{sha}","languages_url":"https://api.github.com/repos/HowardRoark96/Sudoku/languages","stargazers_url":"https://api.github.com/repos/HowardRoark96/Sudoku/stargazers","contributors_url":"https://api.github.com/repos/HowardRoark96/Sudoku/contributors","subscribers_url":"https://api.github.com/repos/HowardRoark96/Sudoku/subscribers","subscription_url":"https://api.github.com/repos/HowardRoark96/Sudoku/subscription","commits_url":"https://api.github.com/repos/HowardRoark96/Sudoku/commits{/sha}","git_commits_url":"https://api.github.com/repos/HowardRoark96/Sudoku/git/commits{/sha}","comments_url":"https://api.github.com/repos/HowardRoark96/Sudoku/comments{/number}","issue_comment_url":"https://api.github.com/repos/HowardRoark96/Sudoku/issues/comments{/number}","contents_url":"https://api.github.com/repos/HowardRoark96/Sudoku/contents/{+path}","compare_url":"https://api.github.com/repos/HowardRoark96/Sudoku/compare/{base}...{head}","merges_url":"https://api.github.com/repos/HowardRoark96/Sudoku/merges","archive_url":"https://api.github.com/repos/HowardRoark96/Sudoku/{archive_format}{/ref}","downloads_url":"https://api.github.com/repos/HowardRoark96/Sudoku/downloads","issues_url":"https://api.github.com/repos/HowardRoark96/Sudoku/issues{/number}","pulls_url":"https://api.github.com/repos/HowardRoark96/Sudoku/pulls{/number}","milestones_url":"https://api.github.com/repos/HowardRoark96/Sudoku/milestones{/number}","notifications_url":"https://api.github.com/repos/HowardRoark96/Sudoku/notifications{?since,all,participating}","labels_url":"https://api.github.com/repos/HowardRoark96/Sudoku/labels{/name}","releases_url":"https://api.github.com/repos/HowardRoark96/Sudoku/releases{/id}","deployments_url":"https://api.github.com/repos/HowardRoark96/Sudoku/deployments","created_at":"2021-01-14T12:20:00Z","updated_at":"2021-02-07T09:04:26Z","pushed_at":"2021-02-07T09:04:23Z","git_url":"git://github.com/HowardRoark96/Sudoku.git","ssh_url":"git@github.com:HowardRoark96/Sudoku.git","clone_url":"https://github.com/HowardRoark96/Sudoku.git","svn_url":"https://github.com/HowardRoark96/Sudoku","homepage":null,"size":5563,"stargazers_count":0,"watchers_count":0,"language":"C#","has_issues":true,"has_projects":true,"has_downloads":true,"has_wiki":true,"has_pages":false,"forks_count":1,"mirror_url":null,"archived":false,"disabled":false,"open_issues_count":0,"license":null,"allow_forking":true,"is_template":false,"web_commit_signoff_required":false,"topics":[],"visibility":"public","forks":1,"open_issues":0,"watchers":0,"default_branch":"main","permissions":{"admin":true,"maintain":true,"push":true,"triage":true,"pull":true},"temp_clone_token":"","allow_squash_merge":true,"allow_merge_commit":true,"allow_rebase_merge":true,"allow_auto_merge":false,"delete_branch_on_merge":false,"allow_update_branch":false,"use_squash_pr_title_as_default":false,"squash_merge_commit_message":"COMMIT_MESSAGES","squash_merge_commit_title":"COMMIT_OR_PR_TITLE","merge_commit_message":"PR_TITLE","merge_commit_title":"MERGE_MESSAGE","network_count":1,"subscribers_count":2}
[debug] [2022-09-01T10:07:00.453Z] >>> [apiv2][query] POST https://iam.googleapis.com/v1/projects/fitness-org/serviceAccounts [none]
[debug] [2022-09-01T10:07:00.453Z] >>> [apiv2][body] POST https://iam.googleapis.com/v1/projects/fitness-org/serviceAccounts {"accountId":"github-action-329606876","serviceAccount":{"displayName":"GitHub Actions (HowardRoark96/Sudoku)","description":"A service account with permission to deploy to Firebase Hosting for the GitHub repository HowardRoark96/Sudoku"}}
[debug] [2022-09-01T10:07:01.746Z] <<< [apiv2][status] POST https://iam.googleapis.com/v1/projects/fitness-org/serviceAccounts 200
[debug] [2022-09-01T10:07:01.746Z] <<< [apiv2][body] POST https://iam.googleapis.com/v1/projects/fitness-org/serviceAccounts [omitted]
[debug] [2022-09-01T10:07:01.746Z] >>> [apiv2][query] GET https://iam.googleapis.com/v1/projects/fitness-org/serviceAccounts/github-action-329606876@fitness-org.iam.gserviceaccount.com [none]
[debug] [2022-09-01T10:07:01.747Z] >>> [apiv2][query] POST https://cloudresourcemanager.googleapis.com/v1/projects/fitness-org:getIamPolicy [none]
[debug] [2022-09-01T10:07:02.493Z] <<< [apiv2][status] GET https://iam.googleapis.com/v1/projects/fitness-org/serviceAccounts/github-action-329606876@fitness-org.iam.gserviceaccount.com 200
[debug] [2022-09-01T10:07:02.493Z] <<< [apiv2][body] GET https://iam.googleapis.com/v1/projects/fitness-org/serviceAccounts/github-action-329606876@fitness-org.iam.gserviceaccount.com {"name":"projects/fitness-org/serviceAccounts/github-action-329606876@fitness-org.iam.gserviceaccount.com","projectId":"fitness-org","uniqueId":"105707822758216141084","email":"github-action-329606876@fitness-org.iam.gserviceaccount.com","displayName":"GitHub Actions (HowardRoark96/Sudoku)","etag":"MDEwMjE5MjA=","description":"A service account with permission to deploy to Firebase Hosting for the GitHub repository HowardRoark96/Sudoku","oauth2ClientId":"105707822758216141084"}
[debug] [2022-09-01T10:07:02.634Z] <<< [apiv2][status] POST https://cloudresourcemanager.googleapis.com/v1/projects/fitness-org:getIamPolicy 200
[debug] [2022-09-01T10:07:02.634Z] <<< [apiv2][body] POST https://cloudresourcemanager.googleapis.com/v1/projects/fitness-org:getIamPolicy {"version":1,"etag":"BwXnjnkh84U=","bindings":[{"role":"roles/firebase.managementServiceAgent","members":["serviceAccount:firebase-service-account@firebase-sa-management.iam.gserviceaccount.com"]},{"role":"roles/firebase.sdkAdminServiceAgent","members":["serviceAccount:firebase-adminsdk-rsie8@fitness-org.iam.gserviceaccount.com"]},{"role":"roles/firebaseauth.admin","members":["serviceAccount:firebase-adminsdk-rsie8@fitness-org.iam.gserviceaccount.com"]},{"role":"roles/firebasedatabase.admin","members":["serviceAccount:firebase-adminsdk-rsie8@fitness-org.iam.gserviceaccount.com"]},{"role":"roles/firebaserules.system","members":["serviceAccount:service-559502421735@firebase-rules.iam.gserviceaccount.com"]},{"role":"roles/iam.serviceAccountTokenCreator","members":["serviceAccount:firebase-adminsdk-rsie8@fitness-org.iam.gserviceaccount.com"]},{"role":"roles/owner","members":["user:vladsafarov46@gmail.com"]},{"role":"roles/pubsub.serviceAgent","members":["serviceAccount:service-559502421735@gcp-sa-pubsub.iam.gserviceaccount.com"]}]}
[debug] [2022-09-01T10:07:02.635Z] >>> [apiv2][query] POST https://cloudresourcemanager.googleapis.com/v1/projects/fitness-org:setIamPolicy [none]
[debug] [2022-09-01T10:07:02.635Z] >>> [apiv2][body] POST https://cloudresourcemanager.googleapis.com/v1/projects/fitness-org:setIamPolicy {"policy":{"version":1,"etag":"BwXnjnkh84U=","bindings":[{"role":"roles/firebase.managementServiceAgent","members":["serviceAccount:firebase-service-account@firebase-sa-management.iam.gserviceaccount.com"]},{"role":"roles/firebase.sdkAdminServiceAgent","members":["serviceAccount:firebase-adminsdk-rsie8@fitness-org.iam.gserviceaccount.com"]},{"role":"roles/firebaseauth.admin","members":["serviceAccount:firebase-adminsdk-rsie8@fitness-org.iam.gserviceaccount.com","serviceAccount:github-action-329606876@fitness-org.iam.gserviceaccount.com"]},{"role":"roles/firebasedatabase.admin","members":["serviceAccount:firebase-adminsdk-rsie8@fitness-org.iam.gserviceaccount.com"]},{"role":"roles/firebaserules.system","members":["serviceAccount:service-559502421735@firebase-rules.iam.gserviceaccount.com"]},{"role":"roles/iam.serviceAccountTokenCreator","members":["serviceAccount:firebase-adminsdk-rsie8@fitness-org.iam.gserviceaccount.com"]},{"role":"roles/owner","members":["user:vladsafarov46@gmail.com"]},{"role":"roles/pubsub.serviceAgent","members":["serviceAccount:service-559502421735@gcp-sa-pubsub.iam.gserviceaccount.com"]},{"role":"roles/serviceusage.apiKeysViewer","members":["serviceAccount:github-action-329606876@fitness-org.iam.gserviceaccount.com"]},{"role":"roles/firebasehosting.admin","members":["serviceAccount:github-action-329606876@fitness-org.iam.gserviceaccount.com"]},{"role":"roles/run.viewer","members":["serviceAccount:github-action-329606876@fitness-org.iam.gserviceaccount.com"]}]},"updateMask":"bindings"}
[debug] [2022-09-01T10:07:03.518Z] <<< [apiv2][status] POST https://cloudresourcemanager.googleapis.com/v1/projects/fitness-org:setIamPolicy 200
[debug] [2022-09-01T10:07:03.518Z] <<< [apiv2][body] POST https://cloudresourcemanager.googleapis.com/v1/projects/fitness-org:setIamPolicy {"version":1,"etag":"BwXnmsZlyec=","bindings":[{"role":"roles/firebase.managementServiceAgent","members":["serviceAccount:firebase-service-account@firebase-sa-management.iam.gserviceaccount.com"]},{"role":"roles/firebase.sdkAdminServiceAgent","members":["serviceAccount:firebase-adminsdk-rsie8@fitness-org.iam.gserviceaccount.com"]},{"role":"roles/firebaseauth.admin","members":["serviceAccount:firebase-adminsdk-rsie8@fitness-org.iam.gserviceaccount.com","serviceAccount:github-action-329606876@fitness-org.iam.gserviceaccount.com"]},{"role":"roles/firebasedatabase.admin","members":["serviceAccount:firebase-adminsdk-rsie8@fitness-org.iam.gserviceaccount.com"]},{"role":"roles/firebasehosting.admin","members":["serviceAccount:github-action-329606876@fitness-org.iam.gserviceaccount.com"]},{"role":"roles/firebaserules.system","members":["serviceAccount:service-559502421735@firebase-rules.iam.gserviceaccount.com"]},{"role":"roles/iam.serviceAccountTokenCreator","members":["serviceAccount:firebase-adminsdk-rsie8@fitness-org.iam.gserviceaccount.com"]},{"role":"roles/owner","members":["user:vladsafarov46@gmail.com"]},{"role":"roles/pubsub.serviceAgent","members":["serviceAccount:service-559502421735@gcp-sa-pubsub.iam.gserviceaccount.com"]},{"role":"roles/run.viewer","members":["serviceAccount:github-action-329606876@fitness-org.iam.gserviceaccount.com"]},{"role":"roles/serviceusage.apiKeysViewer","members":["serviceAccount:github-action-329606876@fitness-org.iam.gserviceaccount.com"]}]}
[debug] [2022-09-01T10:07:03.519Z] >>> [apiv2][query] POST https://iam.googleapis.com/v1/projects/fitness-org/serviceAccounts/github-action-329606876@fitness-org.iam.gserviceaccount.com/keys [none]
[debug] [2022-09-01T10:07:03.519Z] >>> [apiv2][body] POST https://iam.googleapis.com/v1/projects/fitness-org/serviceAccounts/github-action-329606876@fitness-org.iam.gserviceaccount.com/keys {"keyAlgorithm":"KEY_ALG_UNSPECIFIED","privateKeyType":"TYPE_GOOGLE_CREDENTIALS_FILE"}
[debug] [2022-09-01T10:07:12.061Z] ----------------------------------------------------------------------
[debug] [2022-09-01T10:07:12.063Z] Command:       C:\Program Files\nodejs\node.exe C:\Users\Vladislav Safarov\AppData\Roaming\npm\node_modules\firebase-tools\lib\bin\firebase.js init hosting
[debug] [2022-09-01T10:07:12.063Z] CLI Version:   11.8.0
[debug] [2022-09-01T10:07:12.063Z] Platform:      win32
[debug] [2022-09-01T10:07:12.064Z] Node Version:  v16.16.0
[debug] [2022-09-01T10:07:12.064Z] Time:          Thu Sep 01 2022 14:07:12 GMT+0400 (GMT+04:00)
[debug] [2022-09-01T10:07:12.065Z] ----------------------------------------------------------------------
[debug] 
[debug] [2022-09-01T10:07:12.120Z] > command requires scopes: ["email","openid","https://www.googleapis.com/auth/cloudplatformprojects.readonly","https://www.googleapis.com/auth/firebase","https://www.googleapis.com/auth/cloud-platform"]
[debug] [2022-09-01T10:07:12.121Z] > authorizing via signed-in user (vladsafarov46@gmail.com)
[info] 
     ######## #### ########  ######## ########     ###     ######  ########
     ##        ##  ##     ## ##       ##     ##  ##   ##  ##       ##
     ######    ##  ########  ######   ########  #########  ######  ######
     ##        ##  ##    ##  ##       ##     ## ##     ##       ## ##
     ##       #### ##     ## ######## ########  ##     ##  ######  ########

You're about to initialize a Firebase project in this directory:

  C:\Users\Vladislav Safarov\WebstormProjects\ANG_ULTIMATE_COURSE\FITNESS_ORG

Before we get started, keep in mind:

  * You are initializing within an existing Firebase project directory

[info] 
=== Project Setup
[info] 
[info] First, let's associate this project directory with a Firebase project.
[info] You can create multiple project aliases by running firebase use --add, 
[info] but for now we'll just set up a default project.
[info] 
[debug] [2022-09-01T10:07:17.700Z] Using project from CLI flag: fitness-org
[debug] [2022-09-01T10:07:17.702Z] >>> [apiv2][query] GET https://firebase.googleapis.com/v1beta1/projects/fitness-org [none]
[debug] [2022-09-01T10:07:18.078Z] <<< [apiv2][status] GET https://firebase.googleapis.com/v1beta1/projects/fitness-org 200
[debug] [2022-09-01T10:07:18.078Z] <<< [apiv2][body] GET https://firebase.googleapis.com/v1beta1/projects/fitness-org {"projectId":"fitness-org","projectNumber":"559502421735","displayName":"Fitness org","name":"projects/fitness-org","resources":{"hostingSite":"fitness-org","realtimeDatabaseInstance":"fitness-org-default-rtdb"},"state":"ACTIVE","etag":"1_2e6c8101-0881-46d9-af59-164f7366de62"}
[info] i  Using project fitness-org (Fitness org) 
[info] 
=== Hosting Setup
[info] 
[info] Your public directory is the folder (relative to your project directory) that
[info] will contain Hosting assets to be uploaded with firebase deploy. If you
[info] have a build process for your assets, use your build's output directory.
[info] 
[debug] [2022-09-01T10:07:24.825Z] >>> [apiv2][query] GET https://www.gstatic.com/firebasejs/releases.json [none]
[debug] [2022-09-01T10:07:24.977Z] <<< [apiv2][status] GET https://www.gstatic.com/firebasejs/releases.json 200
[debug] [2022-09-01T10:07:24.977Z] <<< [apiv2][body] GET https://www.gstatic.com/firebasejs/releases.json {"current":{"version":"9.9.3","browserURL":"https://www.gstatic.com/firebasejs/9.9.3/firebase.js","packageURL":"https://www.gstatic.com/firebasejs/9.9.3/firebase.tgz"},"live":{"version":"9.9","browserURL":"https://www.gstatic.com/firebasejs/live/9.9/firebase.js","packageURL":"https://www.gstatic.com/firebasejs/live/9.9/firebase.tgz"},"components":{"analytics":"https://www.gstatic.com/firebasejs/9.9.3/firebase-analytics.js","app":"https://www.gstatic.com/firebasejs/9.9.3/firebase-app.js","app-check":"https://www.gstatic.com/firebasejs/9.9.3/firebase-app-check.js","auth":"https://www.gstatic.com/firebasejs/9.9.3/firebase-auth.js","auth/cordova":"https://www.gstatic.com/firebasejs/9.9.3/firebase-auth/cordova.js","auth/react-native":"https://www.gstatic.com/firebasejs/9.9.3/firebase-auth/react-native.js","functions":"https://www.gstatic.com/firebasejs/9.9.3/firebase-functions.js","firestore":"https://www.gstatic.com/firebasejs/9.9.3/firebase-firestore.js","firestore/lite":"https://www.gstatic.com/firebasejs/9.9.3/firebase-firestore/lite.js","installations":"https://www.gstatic.com/firebasejs/9.9.3/firebase-installations.js","storage":"https://www.gstatic.com/firebasejs/9.9.3/firebase-storage.js","performance":"https://www.gstatic.com/firebasejs/9.9.3/firebase-performance.js","remote-config":"https://www.gstatic.com/firebasejs/9.9.3/firebase-remote-config.js","messaging":"https://www.gstatic.com/firebasejs/9.9.3/firebase-messaging.js","messaging/sw":"https://www.gstatic.com/firebasejs/9.9.3/firebase-messaging/sw.js","database":"https://www.gstatic.com/firebasejs/9.9.3/firebase-database.js","firestore.memory":"https://www.gstatic.com/firebasejs/9.9.3/firebase-firestore.memory.js"}}
[info] +  Wrote y/index.html 
[info] 
[info] i  Detected a .git folder at C:\Users\Vladislav Safarov\WebstormProjects\ANG_ULTIMATE_COURSE 
[info] i  Authorizing with GitHub to upload your service account to a GitHub repository's secrets store. 
[info] 
[info] Visit this URL on this device to log in:
[info] https://github.com/login/oauth/authorize?client_id=89cf50f02ac6aaed3484&state=128869349&redirect_uri=http%3A%2F%2Flocalhost%3A9005&scope=read%3Auser%20repo%20public_repo
[info] 
[info] Waiting for authentication...
[debug] [2022-09-01T10:07:30.568Z] >>> [apiv2][query] POST https://github.com/login/oauth/access_token [none]
[debug] [2022-09-01T10:07:30.568Z] >>> [apiv2][body] POST https://github.com/login/oauth/access_token [stream]
[debug] [2022-09-01T10:07:30.974Z] <<< [apiv2][status] POST https://github.com/login/oauth/access_token 200
[debug] [2022-09-01T10:07:30.974Z] <<< [apiv2][body] POST https://github.com/login/oauth/access_token {"access_token":"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","token_type":"bearer","scope":"read:user,repo"}
[debug] [2022-09-01T10:07:30.977Z] >>> [apiv2][query] GET https://api.github.com/user [none]
[debug] [2022-09-01T10:07:31.365Z] <<< [apiv2][status] GET https://api.github.com/user 200
[debug] [2022-09-01T10:07:31.365Z] <<< [apiv2][body] GET https://api.github.com/user {"login":"HowardRoark96","id":55241607,"node_id":"MDQ6VXNlcjU1MjQxNjA3","avatar_url":"https://avatars.githubusercontent.com/u/55241607?v=4","gravatar_id":"","url":"https://api.github.com/users/HowardRoark96","html_url":"https://github.com/HowardRoark96","followers_url":"https://api.github.com/users/HowardRoark96/followers","following_url":"https://api.github.com/users/HowardRoark96/following{/other_user}","gists_url":"https://api.github.com/users/HowardRoark96/gists{/gist_id}","starred_url":"https://api.github.com/users/HowardRoark96/starred{/owner}{/repo}","subscriptions_url":"https://api.github.com/users/HowardRoark96/subscriptions","organizations_url":"https://api.github.com/users/HowardRoark96/orgs","repos_url":"https://api.github.com/users/HowardRoark96/repos","events_url":"https://api.github.com/users/HowardRoark96/events{/privacy}","received_events_url":"https://api.github.com/users/HowardRoark96/received_events","type":"User","site_admin":false,"name":"Vladislav","company":null,"blog":"","location":null,"email":null,"hireable":null,"bio":null,"twitter_username":null,"public_repos":6,"public_gists":0,"followers":0,"following":0,"created_at":"2019-09-12T12:46:55Z","updated_at":"2022-08-20T14:24:47Z","private_gists":0,"total_private_repos":0,"owned_private_repos":0,"disk_usage":6663,"collaborators":0,"two_factor_authentication":false,"plan":{"name":"free","space":976562499,"collaborators":0,"private_repos":10000}}
[info] 
[info] +  Success! Logged into GitHub as HowardRoark96 
[info] 
